CRITICAL - 2022-02-24 10:41:10 --> Invalid file: post_list.php
#0 C:\xampp\htdocs\vimigo\system\View\View.php(213): CodeIgniter\Exceptions\FrameworkException::forInvalidFile('post_list.php')
#1 C:\xampp\htdocs\vimigo\system\Common.php(1271): CodeIgniter\View\View->render('post_list', Array, true)
#2 C:\xampp\htdocs\vimigo\app\Controllers\Home.php(9): view('post_list')
#3 C:\xampp\htdocs\vimigo\system\CodeIgniter.php(928): App\Controllers\Home->index()
#4 C:\xampp\htdocs\vimigo\system\CodeIgniter.php(436): CodeIgniter\CodeIgniter->runController(Object(App\Controllers\Home))
#5 C:\xampp\htdocs\vimigo\system\CodeIgniter.php(336): CodeIgniter\CodeIgniter->handleRequest(NULL, Object(Config\Cache), false)
#6 C:\xampp\htdocs\vimigo\public\index.php(37): CodeIgniter\CodeIgniter->run()
#7 {main}
CRITICAL - 2022-02-24 10:44:30 --> Invalid file: post_list.php
#0 C:\xampp\htdocs\vimigo\system\View\View.php(213): CodeIgniter\Exceptions\FrameworkException::forInvalidFile('post_list.php')
#1 C:\xampp\htdocs\vimigo\system\Common.php(1271): CodeIgniter\View\View->render('post_list', Array, true)
#2 C:\xampp\htdocs\vimigo\app\Controllers\Home.php(9): view('post_list')
#3 C:\xampp\htdocs\vimigo\system\CodeIgniter.php(928): App\Controllers\Home->index()
#4 C:\xampp\htdocs\vimigo\system\CodeIgniter.php(436): CodeIgniter\CodeIgniter->runController(Object(App\Controllers\Home))
#5 C:\xampp\htdocs\vimigo\system\CodeIgniter.php(336): CodeIgniter\CodeIgniter->handleRequest(NULL, Object(Config\Cache), false)
#6 C:\xampp\htdocs\vimigo\public\index.php(37): CodeIgniter\CodeIgniter->run()
#7 {main}
CRITICAL - 2022-02-24 10:44:31 --> Invalid file: post_list.php
#0 C:\xampp\htdocs\vimigo\system\View\View.php(213): CodeIgniter\Exceptions\FrameworkException::forInvalidFile('post_list.php')
#1 C:\xampp\htdocs\vimigo\system\Common.php(1271): CodeIgniter\View\View->render('post_list', Array, true)
#2 C:\xampp\htdocs\vimigo\app\Controllers\Home.php(9): view('post_list')
#3 C:\xampp\htdocs\vimigo\system\CodeIgniter.php(928): App\Controllers\Home->index()
#4 C:\xampp\htdocs\vimigo\system\CodeIgniter.php(436): CodeIgniter\CodeIgniter->runController(Object(App\Controllers\Home))
#5 C:\xampp\htdocs\vimigo\system\CodeIgniter.php(336): CodeIgniter\CodeIgniter->handleRequest(NULL, Object(Config\Cache), false)
#6 C:\xampp\htdocs\vimigo\public\index.php(37): CodeIgniter\CodeIgniter->run()
#7 {main}
CRITICAL - 2022-02-24 10:44:31 --> Invalid file: post_list.php
#0 C:\xampp\htdocs\vimigo\system\View\View.php(213): CodeIgniter\Exceptions\FrameworkException::forInvalidFile('post_list.php')
#1 C:\xampp\htdocs\vimigo\system\Common.php(1271): CodeIgniter\View\View->render('post_list', Array, true)
#2 C:\xampp\htdocs\vimigo\app\Controllers\Home.php(9): view('post_list')
#3 C:\xampp\htdocs\vimigo\system\CodeIgniter.php(928): App\Controllers\Home->index()
#4 C:\xampp\htdocs\vimigo\system\CodeIgniter.php(436): CodeIgniter\CodeIgniter->runController(Object(App\Controllers\Home))
#5 C:\xampp\htdocs\vimigo\system\CodeIgniter.php(336): CodeIgniter\CodeIgniter->handleRequest(NULL, Object(Config\Cache), false)
#6 C:\xampp\htdocs\vimigo\public\index.php(37): CodeIgniter\CodeIgniter->run()
#7 {main}
CRITICAL - 2022-02-24 10:44:31 --> Invalid file: post_list.php
#0 C:\xampp\htdocs\vimigo\system\View\View.php(213): CodeIgniter\Exceptions\FrameworkException::forInvalidFile('post_list.php')
#1 C:\xampp\htdocs\vimigo\system\Common.php(1271): CodeIgniter\View\View->render('post_list', Array, true)
#2 C:\xampp\htdocs\vimigo\app\Controllers\Home.php(9): view('post_list')
#3 C:\xampp\htdocs\vimigo\system\CodeIgniter.php(928): App\Controllers\Home->index()
#4 C:\xampp\htdocs\vimigo\system\CodeIgniter.php(436): CodeIgniter\CodeIgniter->runController(Object(App\Controllers\Home))
#5 C:\xampp\htdocs\vimigo\system\CodeIgniter.php(336): CodeIgniter\CodeIgniter->handleRequest(NULL, Object(Config\Cache), false)
#6 C:\xampp\htdocs\vimigo\public\index.php(37): CodeIgniter\CodeIgniter->run()
#7 {main}
CRITICAL - 2022-02-24 10:44:31 --> Invalid file: post_list.php
#0 C:\xampp\htdocs\vimigo\system\View\View.php(213): CodeIgniter\Exceptions\FrameworkException::forInvalidFile('post_list.php')
#1 C:\xampp\htdocs\vimigo\system\Common.php(1271): CodeIgniter\View\View->render('post_list', Array, true)
#2 C:\xampp\htdocs\vimigo\app\Controllers\Home.php(9): view('post_list')
#3 C:\xampp\htdocs\vimigo\system\CodeIgniter.php(928): App\Controllers\Home->index()
#4 C:\xampp\htdocs\vimigo\system\CodeIgniter.php(436): CodeIgniter\CodeIgniter->runController(Object(App\Controllers\Home))
#5 C:\xampp\htdocs\vimigo\system\CodeIgniter.php(336): CodeIgniter\CodeIgniter->handleRequest(NULL, Object(Config\Cache), false)
#6 C:\xampp\htdocs\vimigo\public\index.php(37): CodeIgniter\CodeIgniter->run()
#7 {main}
CRITICAL - 2022-02-24 10:44:31 --> Invalid file: post_list.php
#0 C:\xampp\htdocs\vimigo\system\View\View.php(213): CodeIgniter\Exceptions\FrameworkException::forInvalidFile('post_list.php')
#1 C:\xampp\htdocs\vimigo\system\Common.php(1271): CodeIgniter\View\View->render('post_list', Array, true)
#2 C:\xampp\htdocs\vimigo\app\Controllers\Home.php(9): view('post_list')
#3 C:\xampp\htdocs\vimigo\system\CodeIgniter.php(928): App\Controllers\Home->index()
#4 C:\xampp\htdocs\vimigo\system\CodeIgniter.php(436): CodeIgniter\CodeIgniter->runController(Object(App\Controllers\Home))
#5 C:\xampp\htdocs\vimigo\system\CodeIgniter.php(336): CodeIgniter\CodeIgniter->handleRequest(NULL, Object(Config\Cache), false)
#6 C:\xampp\htdocs\vimigo\public\index.php(37): CodeIgniter\CodeIgniter->run()
#7 {main}
CRITICAL - 2022-02-24 10:44:31 --> Invalid file: post_list.php
#0 C:\xampp\htdocs\vimigo\system\View\View.php(213): CodeIgniter\Exceptions\FrameworkException::forInvalidFile('post_list.php')
#1 C:\xampp\htdocs\vimigo\system\Common.php(1271): CodeIgniter\View\View->render('post_list', Array, true)
#2 C:\xampp\htdocs\vimigo\app\Controllers\Home.php(9): view('post_list')
#3 C:\xampp\htdocs\vimigo\system\CodeIgniter.php(928): App\Controllers\Home->index()
#4 C:\xampp\htdocs\vimigo\system\CodeIgniter.php(436): CodeIgniter\CodeIgniter->runController(Object(App\Controllers\Home))
#5 C:\xampp\htdocs\vimigo\system\CodeIgniter.php(336): CodeIgniter\CodeIgniter->handleRequest(NULL, Object(Config\Cache), false)
#6 C:\xampp\htdocs\vimigo\public\index.php(37): CodeIgniter\CodeIgniter->run()
#7 {main}
CRITICAL - 2022-02-24 10:44:32 --> Invalid file: post_list.php
#0 C:\xampp\htdocs\vimigo\system\View\View.php(213): CodeIgniter\Exceptions\FrameworkException::forInvalidFile('post_list.php')
#1 C:\xampp\htdocs\vimigo\system\Common.php(1271): CodeIgniter\View\View->render('post_list', Array, true)
#2 C:\xampp\htdocs\vimigo\app\Controllers\Home.php(9): view('post_list')
#3 C:\xampp\htdocs\vimigo\system\CodeIgniter.php(928): App\Controllers\Home->index()
#4 C:\xampp\htdocs\vimigo\system\CodeIgniter.php(436): CodeIgniter\CodeIgniter->runController(Object(App\Controllers\Home))
#5 C:\xampp\htdocs\vimigo\system\CodeIgniter.php(336): CodeIgniter\CodeIgniter->handleRequest(NULL, Object(Config\Cache), false)
#6 C:\xampp\htdocs\vimigo\public\index.php(37): CodeIgniter\CodeIgniter->run()
#7 {main}
CRITICAL - 2022-02-24 10:44:32 --> Invalid file: post_list.php
#0 C:\xampp\htdocs\vimigo\system\View\View.php(213): CodeIgniter\Exceptions\FrameworkException::forInvalidFile('post_list.php')
#1 C:\xampp\htdocs\vimigo\system\Common.php(1271): CodeIgniter\View\View->render('post_list', Array, true)
#2 C:\xampp\htdocs\vimigo\app\Controllers\Home.php(9): view('post_list')
#3 C:\xampp\htdocs\vimigo\system\CodeIgniter.php(928): App\Controllers\Home->index()
#4 C:\xampp\htdocs\vimigo\system\CodeIgniter.php(436): CodeIgniter\CodeIgniter->runController(Object(App\Controllers\Home))
#5 C:\xampp\htdocs\vimigo\system\CodeIgniter.php(336): CodeIgniter\CodeIgniter->handleRequest(NULL, Object(Config\Cache), false)
#6 C:\xampp\htdocs\vimigo\public\index.php(37): CodeIgniter\CodeIgniter->run()
#7 {main}
CRITICAL - 2022-02-24 10:44:32 --> Invalid file: post_list.php
#0 C:\xampp\htdocs\vimigo\system\View\View.php(213): CodeIgniter\Exceptions\FrameworkException::forInvalidFile('post_list.php')
#1 C:\xampp\htdocs\vimigo\system\Common.php(1271): CodeIgniter\View\View->render('post_list', Array, true)
#2 C:\xampp\htdocs\vimigo\app\Controllers\Home.php(9): view('post_list')
#3 C:\xampp\htdocs\vimigo\system\CodeIgniter.php(928): App\Controllers\Home->index()
#4 C:\xampp\htdocs\vimigo\system\CodeIgniter.php(436): CodeIgniter\CodeIgniter->runController(Object(App\Controllers\Home))
#5 C:\xampp\htdocs\vimigo\system\CodeIgniter.php(336): CodeIgniter\CodeIgniter->handleRequest(NULL, Object(Config\Cache), false)
#6 C:\xampp\htdocs\vimigo\public\index.php(37): CodeIgniter\CodeIgniter->run()
#7 {main}
CRITICAL - 2022-02-24 10:44:32 --> Invalid file: post_list.php
#0 C:\xampp\htdocs\vimigo\system\View\View.php(213): CodeIgniter\Exceptions\FrameworkException::forInvalidFile('post_list.php')
#1 C:\xampp\htdocs\vimigo\system\Common.php(1271): CodeIgniter\View\View->render('post_list', Array, true)
#2 C:\xampp\htdocs\vimigo\app\Controllers\Home.php(9): view('post_list')
#3 C:\xampp\htdocs\vimigo\system\CodeIgniter.php(928): App\Controllers\Home->index()
#4 C:\xampp\htdocs\vimigo\system\CodeIgniter.php(436): CodeIgniter\CodeIgniter->runController(Object(App\Controllers\Home))
#5 C:\xampp\htdocs\vimigo\system\CodeIgniter.php(336): CodeIgniter\CodeIgniter->handleRequest(NULL, Object(Config\Cache), false)
#6 C:\xampp\htdocs\vimigo\public\index.php(37): CodeIgniter\CodeIgniter->run()
#7 {main}
